SF:lib/app/modules/home/model/appointment_model.dart
DA:8,1
LF:1
LH:1
end_of_record
SF:lib/app/modules/home/model/offline_model.dart
DA:8,1
LF:1
LH:1
end_of_record
SF:lib/app/modules/home/widget/appointment-w.dart
DA:7,2
DA:9,1
DA:11,1
DA:12,0
DA:13,4
DA:14,3
DA:15,1
DA:16,3
LF:8
LH:7
end_of_record
SF:lib/app/modules/home/widget/offline-patient.dart
DA:10,2
DA:12,1
DA:14,1
DA:15,0
DA:16,3
DA:17,3
LF:6
LH:5
end_of_record
SF:lib/app/modules/home/model/online_patient_appointment_model.dart
DA:9,1
LF:1
LH:1
end_of_record
SF:lib/app/modules/home/widget/online_patient_apppoinment_w.dart
DA:6,1
DA:7,1
DA:10,1
DA:12,1
DA:13,0
DA:14,4
DA:15,3
LF:7
LH:6
end_of_record
SF:lib/app/modules/home/controllers/profile_controller.dart
DA:7,1
DA:9,1
DA:12,1
DA:14,1
DA:17,0
DA:19,0
DA:22,0
LF:7
LH:4
end_of_record
SF:lib/app/modules/home/views/profile_view.dart
DA:8,12
DA:9,1
DA:11,1
DA:12,1
DA:14,1
DA:15,2
DA:16,1
DA:18,1
DA:20,1
DA:21,2
LF:10
LH:10
end_of_record
SF:lib/app/routes/app_pages.dart
DA:22,0
DA:26,30
DA:27,10
DA:29,2
DA:30,10
DA:32,10
DA:34,1
DA:35,10
DA:37,10
DA:39,2
DA:40,10
DA:42,10
DA:44,2
DA:45,10
DA:47,10
DA:49,0
DA:50,10
DA:52,10
DA:54,0
DA:55,10
DA:57,10
DA:59,0
DA:60,10
LF:23
LH:19
end_of_record
SF:lib/app/modules/add-admin/bindings/add_admin_binding.dart
DA:6,0
DA:8,0
DA:9,0
LF:3
LH:0
end_of_record
SF:lib/app/modules/add-admin/controllers/add_admin_controller.dart
DA:20,2
DA:22,1
DA:24,2
DA:25,0
DA:27,1
DA:29,3
DA:31,3
DA:33,3
DA:35,1
DA:38,4
DA:39,2
DA:42,2
DA:44,8
DA:45,2
DA:48,2
DA:50,1
DA:52,3
DA:54,2
DA:57,2
DA:62,0
DA:63,0
DA:64,0
DA:65,0
DA:66,0
DA:69,0
DA:70,0
DA:71,0
DA:72,0
DA:73,0
DA:75,0
DA:76,0
DA:77,0
DA:78,0
DA:80,0
DA:82,0
DA:86,0
DA:87,0
DA:88,0
DA:89,0
DA:94,0
DA:96,0
LF:41
LH:18
end_of_record
SF:lib/app/modules/add-admin/views/add_admin_view.dart
DA:8,12
DA:10,1
DA:12,1
DA:13,1
DA:17,1
DA:18,1
DA:19,1
DA:21,1
DA:22,1
DA:23,2
DA:24,2
DA:25,1
DA:27,3
DA:31,1
DA:32,2
DA:33,2
DA:34,1
DA:36,3
DA:40,1
DA:41,2
DA:42,2
DA:43,1
DA:45,3
DA:49,1
DA:51,5
DA:55,1
DA:56,4
DA:57,0
DA:59,0
DA:62,1
LF:30
LH:28
end_of_record
SF:lib/app/modules/add-doctor/bindings/add_doctor_binding.dart
DA:6,0
DA:8,0
DA:9,0
LF:3
LH:0
end_of_record
SF:lib/app/modules/add-doctor/controllers/add_doctor_controller.dart
DA:20,2
DA:22,1
DA:24,2
DA:25,0
DA:27,1
DA:30,3
DA:32,3
DA:34,3
DA:36,1
DA:39,4
DA:40,2
DA:43,2
DA:46,8
DA:47,2
DA:50,2
DA:53,1
DA:55,3
DA:57,2
DA:60,2
DA:65,1
DA:66,1
DA:67,2
DA:68,1
DA:69,2
DA:72,3
DA:73,1
DA:74,2
DA:75,2
DA:76,2
DA:78,4
DA:79,0
DA:80,0
DA:81,0
DA:83,0
DA:85,0
DA:89,0
DA:90,0
DA:91,0
LF:38
LH:29
end_of_record
SF:lib/app/modules/add-doctor/views/add_doctor_view.dart
DA:8,12
DA:10,1
DA:12,1
DA:13,1
DA:17,1
DA:18,1
DA:19,1
DA:21,1
DA:22,1
DA:23,2
DA:24,2
DA:25,1
DA:27,3
DA:33,1
DA:34,2
DA:35,2
DA:36,1
DA:38,3
DA:44,1
DA:45,2
DA:46,2
DA:47,1
DA:49,3
DA:55,1
DA:56,3
DA:58,2
DA:62,1
DA:63,4
DA:64,0
DA:66,0
DA:69,1
LF:31
LH:29
end_of_record
SF:lib/app/modules/chat/bindings/chat_binding.dart
DA:6,0
DA:8,0
DA:9,0
LF:3
LH:0
end_of_record
SF:lib/app/modules/chat/controllers/chat_controller.dart
DA:20,1
DA:27,0
DA:29,0
DA:30,0
DA:31,0
DA:32,0
DA:33,0
DA:38,1
DA:40,1
DA:41,0
DA:42,0
DA:43,0
DA:44,0
DA:45,0
DA:46,0
DA:47,0
DA:48,0
DA:49,0
DA:50,0
DA:52,1
DA:55,1
DA:56,1
DA:58,4
DA:59,1
DA:62,4
DA:63,4
DA:64,3
DA:65,0
DA:66,0
DA:68,0
DA:71,3
DA:72,3
DA:74,3
DA:78,0
DA:79,0
DA:83,0
DA:85,1
DA:86,1
DA:89,1
DA:91,4
DA:92,4
DA:94,0
DA:95,0
DA:99,0
DA:103,1
DA:105,4
DA:106,4
DA:108,2
DA:109,4
DA:110,3
DA:111,3
DA:112,3
DA:114,3
DA:117,3
DA:118,3
DA:120,3
DA:124,0
DA:125,0
DA:129,0
DA:133,1
DA:134,2
DA:137,1
DA:139,3
DA:140,3
DA:141,4
DA:142,4
DA:143,0
DA:144,0
DA:148,0
DA:152,1
DA:153,1
DA:154,2
DA:155,2
LF:73
LH:42
end_of_record
SF:lib/app/modules/chat/views/chat_view.dart
DA:9,12
DA:10,1
DA:12,1
DA:13,1
DA:17,1
DA:18,4
DA:22,1
DA:23,2
DA:24,2
DA:25,0
DA:26,3
DA:27,2
LF:12
LH:11
end_of_record
SF:lib/app/modules/create_appointment/bindings/create_appointment_binding.dart
DA:6,1
DA:8,2
DA:9,1
LF:3
LH:3
end_of_record
SF:lib/app/modules/create_appointment/controllers/create_appointment_controller.dart
DA:14,1
DA:16,1
DA:17,0
DA:19,1
DA:21,1
DA:26,1
DA:27,1
DA:35,5
DA:37,8
DA:39,1
DA:40,3
DA:41,2
DA:42,1
DA:43,1
DA:44,2
DA:45,0
DA:46,1
DA:49,1
DA:50,2
DA:51,5
DA:52,0
DA:53,1
DA:56,1
DA:57,2
DA:60,16
DA:62,3
DA:63,4
DA:64,2
DA:65,4
DA:66,5
DA:68,1
DA:69,2
DA:70,0
DA:71,0
DA:72,0
DA:74,0
DA:75,0
DA:79,2
DA:80,2
DA:84,2
DA:87,1
DA:88,3
DA:90,1
DA:91,1
DA:93,2
DA:95,1
DA:97,2
DA:103,1
DA:104,2
DA:105,2
DA:108,16
DA:110,3
DA:111,1
DA:112,4
DA:113,0
DA:114,1
DA:115,3
DA:117,2
DA:120,0
DA:126,2
DA:129,1
DA:130,2
DA:131,2
DA:134,16
DA:136,3
DA:137,1
DA:138,4
DA:139,0
DA:140,1
DA:141,3
DA:143,2
DA:146,0
DA:152,2
LF:73
LH:61
end_of_record
SF:lib/app/modules/create_appointment/model/doctor_model.dart
DA:5,1
LF:1
LH:1
end_of_record
SF:lib/app/modules/create_appointment/views/create_appointment_view.dart
DA:8,11
DA:9,1
DA:11,1
DA:12,1
DA:16,1
DA:18,1
DA:19,1
DA:21,1
DA:22,2
DA:24,1
DA:25,1
DA:26,1
DA:27,2
DA:28,3
DA:31,1
DA:32,1
DA:33,2
DA:34,3
DA:41,1
DA:42,4
DA:48,1
DA:49,1
DA:50,3
DA:51,2
DA:52,2
DA:53,5
DA:54,1
DA:55,1
DA:56,1
DA:57,5
DA:61,5
LF:31
LH:31
end_of_record
SF:lib/app/modules/home/bindings/home_binding.dart
DA:13,2
DA:15,4
DA:16,2
DA:19,4
DA:20,0
DA:22,4
DA:23,0
DA:25,4
DA:26,0
DA:28,4
DA:30,6
DA:31,4
LF:12
LH:9
end_of_record
SF:lib/app/modules/home/controllers/admin_manager_controller.dart
DA:7,1
DA:9,1
DA:12,1
DA:14,1
DA:17,0
DA:19,0
DA:21,0
LF:7
LH:4
end_of_record
SF:lib/app/modules/home/controllers/appointment_controller.dart
DA:15,0
DA:17,0
DA:18,0
DA:21,0
DA:23,0
DA:26,0
DA:27,0
DA:30,0
DA:31,0
DA:32,0
DA:33,0
DA:34,0
DA:35,0
DA:36,0
DA:37,0
DA:38,0
DA:39,0
DA:41,0
DA:42,0
DA:47,0
DA:50,0
DA:52,0
DA:54,0
DA:61,0
DA:64,0
DA:66,0
LF:26
LH:0
end_of_record
SF:lib/app/modules/home/controllers/doctor_online_booking_controller.dart
DA:15,3
DA:17,3
DA:18,0
DA:19,0
DA:22,0
DA:24,0
DA:27,2
DA:29,2
DA:32,0
DA:33,0
DA:36,0
DA:37,0
DA:38,0
DA:39,0
DA:40,0
DA:41,0
DA:42,0
DA:43,0
DA:44,0
DA:45,0
DA:46,0
DA:47,0
DA:51,0
DA:52,0
DA:55,0
DA:56,0
DA:59,0
DA:61,0
LF:28
LH:4
end_of_record
SF:lib/app/modules/home/controllers/doctor_manager_controller.dart
DA:8,0
LF:1
LH:0
end_of_record
SF:lib/app/modules/home/controllers/home_controller.dart
DA:13,2
DA:15,2
DA:17,2
DA:18,6
DA:19,0
DA:20,0
DA:21,0
DA:22,0
DA:25,0
DA:26,0
DA:27,0
DA:29,0
DA:32,0
DA:33,0
DA:34,0
DA:37,0
DA:39,0
DA:42,2
DA:44,2
LF:19
LH:6
end_of_record
SF:lib/app/modules/home/controllers/offline_doctor_booking_controller.dart
DA:15,0
DA:17,0
DA:18,0
DA:19,0
DA:22,0
DA:23,0
DA:26,0
DA:27,0
DA:28,0
DA:29,0
DA:30,0
DA:31,0
DA:32,0
DA:33,0
DA:34,0
DA:35,0
DA:36,0
DA:40,0
DA:41,0
DA:46,0
DA:49,0
DA:50,0
LF:22
LH:0
end_of_record
SF:lib/app/modules/home/controllers/dashboard_controller.dart
DA:4,2
DA:6,2
DA:9,2
DA:11,2
DA:14,2
DA:16,2
LF:6
LH:6
end_of_record
SF:lib/app/modules/home/views/admin_manager_view.dart
DA:7,12
DA:8,1
DA:10,1
DA:12,3
DA:16,1
DA:18,1
DA:20,1
DA:22,1
DA:23,1
DA:24,1
DA:25,1
DA:33,2
LF:12
LH:12
end_of_record
SF:lib/app/modules/home/views/appointment_view.dart
DA:9,11
DA:11,0
DA:13,0
DA:14,0
DA:16,0
DA:19,0
DA:20,0
DA:24,0
DA:25,0
DA:26,0
DA:28,0
DA:34,0
DA:35,0
DA:36,0
DA:37,0
DA:38,0
DA:39,0
DA:41,0
LF:18
LH:1
end_of_record
SF:lib/app/modules/home/views/dashboard_view.dart
DA:10,11
DA:11,0
DA:13,0
DA:14,0
DA:15,0
DA:16,0
DA:18,0
DA:19,0
DA:20,0
DA:21,0
LF:10
LH:1
end_of_record
SF:lib/app/modules/home/views/doctor_online_booking_view.dart
DA:9,13
DA:10,1
DA:12,1
DA:13,1
DA:14,4
DA:15,0
DA:16,0
DA:18,1
DA:19,0
DA:20,1
DA:22,1
DA:23,1
DA:25,1
DA:27,1
DA:28,1
DA:30,1
DA:31,1
DA:33,1
DA:34,0
DA:39,1
DA:40,1
DA:41,0
DA:42,0
DA:43,0
DA:45,3
LF:25
LH:18
end_of_record
SF:lib/app/modules/home/views/doctor_manager_view.dart
DA:7,12
DA:8,1
DA:10,1
DA:11,1
DA:12,2
DA:15,1
DA:17,1
DA:18,1
DA:20,1
DA:21,1
DA:23,1
DA:24,0
DA:30,1
DA:31,1
LF:14
LH:13
end_of_record
SF:lib/app/modules/home/views/home_view.dart
DA:19,11
DA:21,2
DA:57,2
DA:66,2
DA:67,2
DA:68,2
DA:70,6
DA:72,2
DA:74,2
DA:75,4
DA:76,2
DA:77,2
DA:78,8
DA:79,4
DA:80,8
DA:81,8
DA:82,8
DA:83,0
DA:84,8
DA:85,8
DA:86,2
DA:92,4
DA:93,8
DA:94,8
DA:95,0
DA:96,8
DA:97,8
DA:98,8
DA:99,2
LF:29
LH:27
end_of_record
SF:lib/app/modules/home/views/offline_doctor_booking_view.dart
DA:9,12
DA:11,0
DA:13,0
DA:14,0
DA:15,0
DA:17,0
DA:18,0
DA:19,0
DA:20,0
DA:32,0
DA:33,0
DA:34,0
DA:35,0
DA:36,0
DA:37,0
DA:38,0
DA:39,0
DA:41,0
LF:18
LH:1
end_of_record
SF:lib/app/modules/login/bindings/login_binding.dart
DA:6,2
DA:8,4
DA:9,2
LF:3
LH:3
end_of_record
SF:lib/app/modules/login/controllers/login_controller.dart
DA:22,4
DA:26,1
DA:27,4
DA:30,3
DA:32,3
DA:34,1
DA:35,2
DA:36,1
DA:40,4
DA:41,2
DA:42,2
DA:44,2
DA:45,2
DA:46,1
DA:48,0
DA:49,0
DA:50,0
DA:51,0
DA:52,0
DA:54,3
DA:56,0
DA:58,0
DA:61,1
DA:62,2
DA:63,3
DA:64,1
DA:65,4
DA:70,1
DA:72,2
DA:73,2
DA:75,1
DA:77,3
DA:80,2
DA:83,3
DA:85,2
DA:87,8
DA:89,2
DA:93,2
DA:99,1
DA:102,1
DA:103,3
LF:41
LH:34
end_of_record
SF:lib/app/modules/login/views/login_view.dart
DA:8,11
DA:10,2
DA:12,2
DA:13,6
DA:16,2
DA:18,2
DA:20,2
DA:23,2
DA:24,2
DA:25,2
DA:26,2
DA:27,10
DA:45,2
DA:46,4
DA:47,4
DA:48,2
DA:51,8
DA:53,3
DA:67,2
DA:68,4
DA:69,6
DA:70,4
DA:71,2
DA:72,2
DA:73,4
DA:74,2
DA:78,8
DA:80,3
DA:86,2
DA:89,2
DA:90,4
DA:91,10
DA:99,2
DA:101,2
DA:103,2
DA:104,4
DA:112,2
DA:113,6
DA:115,6
DA:116,6
DA:117,2
DA:118,2
DA:119,2
DA:120,2
DA:121,2
DA:127,2
LF:46
LH:46
end_of_record
SF:lib/app/modules/register/bindings/register_binding.dart
DA:6,2
DA:8,4
DA:9,2
LF:3
LH:3
end_of_record
SF:lib/app/modules/register/controllers/register_controller.dart
DA:9,1
DA:10,3
DA:30,4
DA:32,1
DA:33,4
DA:36,1
DA:37,4
DA:40,1
DA:41,2
DA:42,1
DA:46,4
DA:47,2
DA:48,2
DA:49,2
DA:51,2
DA:52,2
DA:53,1
DA:55,0
DA:56,0
DA:57,0
DA:58,0
DA:60,3
DA:62,0
DA:64,0
DA:68,1
DA:69,2
DA:70,3
DA:72,4
DA:77,3
DA:79,3
DA:81,1
DA:82,2
DA:84,3
DA:86,1
DA:87,2
DA:88,2
DA:89,2
DA:90,2
DA:94,4
DA:95,2
DA:99,5
DA:100,2
DA:101,2
DA:105,1
DA:107,3
DA:109,2
DA:113,8
DA:114,2
DA:118,2
DA:119,2
DA:123,2
DA:124,2
DA:129,2
DA:136,1
LF:54
LH:48
end_of_record
SF:lib/app/modules/register/views/register_view.dart
DA:8,11
DA:10,2
DA:12,2
DA:14,2
DA:15,4
DA:18,4
DA:19,2
DA:22,2
DA:23,2
DA:24,2
DA:25,2
DA:26,10
DA:30,2
DA:31,8
DA:45,2
DA:46,4
DA:47,4
DA:48,2
DA:51,8
DA:53,3
DA:69,2
DA:70,4
DA:71,4
DA:72,2
DA:75,8
DA:77,3
DA:94,2
DA:95,4
DA:96,4
DA:97,6
DA:98,2
DA:99,2
DA:101,4
DA:105,8
DA:107,3
DA:124,2
DA:125,4
DA:126,4
DA:127,6
DA:128,2
DA:129,2
DA:131,4
DA:136,8
DA:138,3
DA:146,2
DA:149,2
DA:150,4
DA:151,10
DA:161,2
DA:163,2
DA:165,6
DA:170,2
DA:171,4
DA:172,2
DA:173,12
DA:174,2
DA:175,6
DA:177,2
LF:58
LH:58
end_of_record
